[debug] [2025-01-16T20:09:32.600Z] ----------------------------------------------------------------------
[debug] [2025-01-16T20:09:32.603Z] Command:       C:\Program Files\nodejs\node.exe C:\Users\Diaz\AppData\Roaming\npm\node_modules\firebase-tools\lib\bin\firebase.js emulators:start
[debug] [2025-01-16T20:09:32.603Z] CLI Version:   13.29.1
[debug] [2025-01-16T20:09:32.603Z] Platform:      win32
[debug] [2025-01-16T20:09:32.603Z] Node Version:  v22.12.0
[debug] [2025-01-16T20:09:32.604Z] Time:          Thu Jan 16 2025 22:09:32 GMT+0200 (South Africa Standard Time)
[debug] [2025-01-16T20:09:32.604Z] ----------------------------------------------------------------------
[debug] 
[debug] [2025-01-16T20:09:32.766Z] > command requires scopes: ["email","openid","https://www.googleapis.com/auth/cloudplatformprojects.readonly","https://www.googleapis.com/auth/firebase","https://www.googleapis.com/auth/cloud-platform"]
[debug] [2025-01-16T20:09:32.767Z] > authorizing via signed-in user (tshegofatso.legari@gmail.com)
[info] i  emulators: Starting emulators: functions, extensions {"metadata":{"emulator":{"name":"hub"},"message":"Starting emulators: functions, extensions"}}
[debug] [2025-01-16T20:09:32.779Z] Checked if tokens are valid: false, expires at: 1737040402884
[debug] [2025-01-16T20:09:32.780Z] Checked if tokens are valid: false, expires at: 1737040402884
[debug] [2025-01-16T20:09:32.780Z] > refreshing access token with scopes: []
[debug] [2025-01-16T20:09:32.786Z] >>> [apiv2][query] POST https://www.googleapis.com/oauth2/v3/token [none]
[debug] [2025-01-16T20:09:32.786Z] >>> [apiv2][body] POST https://www.googleapis.com/oauth2/v3/token [omitted]
[debug] [2025-01-16T20:09:33.221Z] <<< [apiv2][status] POST https://www.googleapis.com/oauth2/v3/token 200
[debug] [2025-01-16T20:09:33.222Z] <<< [apiv2][body] POST https://www.googleapis.com/oauth2/v3/token [omitted]
[debug] [2025-01-16T20:09:33.258Z] >>> [apiv2][query] GET https://cloudresourcemanager.googleapis.com/v1/projects/clone-619c2 [none]
[debug] [2025-01-16T20:09:34.983Z] <<< [apiv2][status] GET https://cloudresourcemanager.googleapis.com/v1/projects/clone-619c2 200
[debug] [2025-01-16T20:09:34.983Z] <<< [apiv2][body] GET https://cloudresourcemanager.googleapis.com/v1/projects/clone-619c2 {"projectNumber":"763247636312","projectId":"clone-619c2","lifecycleState":"ACTIVE","name":"amazon-clone","labels":{"firebase":"enabled","firebase-core":"disabled"},"createTime":"2024-12-11T11:06:07.153271Z"}
[debug] [2025-01-16T20:09:35.011Z] [logging] Logging Emulator only supports listening on one address (127.0.0.1). Not listening on ::1
[debug] [2025-01-16T20:09:35.012Z] assigned listening specs for emulators {"user":{"hub":[{"address":"127.0.0.1","family":"IPv4","port":4400},{"address":"::1","family":"IPv6","port":4400}],"ui":[{"address":"127.0.0.1","family":"IPv4","port":4000},{"address":"::1","family":"IPv6","port":4000}],"logging":[{"address":"127.0.0.1","family":"IPv4","port":4500}]},"metadata":{"message":"assigned listening specs for emulators"}}
[debug] [2025-01-16T20:09:35.032Z] [hub] writing locator at C:\Users\Diaz\AppData\Local\Temp\hub-clone-619c2.json
[debug] [2025-01-16T20:09:35.052Z] [Extensions] Started Extensions emulator, this is a noop.
[debug] [2025-01-16T20:09:35.101Z] [functions] Functions Emulator only supports listening on one address (127.0.0.1). Not listening on ::1
[debug] [2025-01-16T20:09:35.102Z] [eventarc] Eventarc Emulator only supports listening on one address (127.0.0.1). Not listening on ::1
[debug] [2025-01-16T20:09:35.102Z] [tasks] Cloud Tasks Emulator only supports listening on one address (127.0.0.1). Not listening on ::1
[debug] [2025-01-16T20:09:35.102Z] late-assigned ports for functions and eventarc emulators {"user":{"hub":[{"address":"127.0.0.1","family":"IPv4","port":4400},{"address":"::1","family":"IPv6","port":4400}],"ui":[{"address":"127.0.0.1","family":"IPv4","port":4000},{"address":"::1","family":"IPv6","port":4000}],"logging":[{"address":"127.0.0.1","family":"IPv4","port":4500}],"functions":[{"address":"127.0.0.1","family":"IPv4","port":5001}],"eventarc":[{"address":"127.0.0.1","family":"IPv4","port":9299}],"tasks":[{"address":"127.0.0.1","family":"IPv4","port":9499}]},"metadata":{"message":"late-assigned ports for functions and eventarc emulators"}}
[warn] !  functions: The following emulators are not running, calls to these services from the Functions emulator will affect production: apphosting, auth, firestore, database, hosting, pubsub, storage, dataconnect {"metadata":{"emulator":{"name":"functions"},"message":"The following emulators are not running, calls to these services from the Functions emulator will affect production: \u001b[1mapphosting, auth, firestore, database, hosting, pubsub, storage, dataconnect\u001b[22m"}}
[debug] [2025-01-16T20:09:35.112Z] defaultcredentials: writing to file C:\Users\Diaz\AppData\Roaming\firebase\tshegofatso_legari_gmail.com_application_default_credentials.json
[debug] [2025-01-16T20:09:35.117Z] Setting GAC to C:\Users\Diaz\AppData\Roaming\firebase\tshegofatso_legari_gmail.com_application_default_credentials.json {"metadata":{"emulator":{"name":"functions"},"message":"Setting GAC to C:\\Users\\Diaz\\AppData\\Roaming\\firebase\\tshegofatso_legari_gmail.com_application_default_credentials.json"}}
[debug] [2025-01-16T20:09:35.118Z] Checked if tokens are valid: true, expires at: 1737061772222
[debug] [2025-01-16T20:09:35.118Z] Checked if tokens are valid: true, expires at: 1737061772222
[debug] [2025-01-16T20:09:35.119Z] >>> [apiv2][query] GET https://firebase.googleapis.com/v1beta1/projects/clone-619c2/adminSdkConfig [none]
[debug] [2025-01-16T20:09:35.782Z] <<< [apiv2][status] GET https://firebase.googleapis.com/v1beta1/projects/clone-619c2/adminSdkConfig 200
[debug] [2025-01-16T20:09:35.782Z] <<< [apiv2][body] GET https://firebase.googleapis.com/v1beta1/projects/clone-619c2/adminSdkConfig {"projectId":"clone-619c2","storageBucket":"clone-619c2.firebasestorage.app"}
[info] i  ui: downloading ui-v1.14.0.zip... {"metadata":{"emulator":{"name":"ui"},"message":"downloading ui-v1.14.0.zip..."}}
[debug] [2025-01-16T20:09:35.878Z] >>> [apiv2][query] GET https://storage.googleapis.com/firebase-preview-drop/emulator/ui-v1.14.0.zip 
[debug] [2025-01-16T20:09:36.352Z] <<< [apiv2][status] GET https://storage.googleapis.com/firebase-preview-drop/emulator/ui-v1.14.0.zip 200
[debug] [2025-01-16T20:09:36.352Z] <<< [apiv2][body] GET https://storage.googleapis.com/firebase-preview-drop/emulator/ui-v1.14.0.zip [stream]
[debug] [2025-01-16T20:09:38.312Z] Data is 3615311
[debug] [2025-01-16T20:09:38.312Z] [unzip] Entry: client/ (compressed_size=0 bytes, uncompressed_size=0 bytes)
[debug] [2025-01-16T20:09:38.312Z] [unzip] Processing entry: client\
[debug] [2025-01-16T20:09:38.312Z] [unzip] mkdir: C:\Users\Diaz\.cache\firebase\emulators\ui-v1.14.0\client\
[debug] [2025-01-16T20:09:38.313Z] [unzip] Entry: client/favicon-16x16.png (compressed_size=293 bytes, uncompressed_size=293 bytes)
[debug] [2025-01-16T20:09:38.313Z] [unzip] Processing entry: client\favicon-16x16.png
[debug] [2025-01-16T20:09:38.313Z] [unzip] else mkdir: C:\Users\Diaz\.cache\firebase\emulators\ui-v1.14.0\client
[debug] [2025-01-16T20:09:38.314Z] [unzip] Writing file: C:\Users\Diaz\.cache\firebase\emulators\ui-v1.14.0\client\favicon-16x16.png
[debug] [2025-01-16T20:09:38.316Z] [unzip] Entry: client/safari-pinned-tab.svg (compressed_size=1433 bytes, uncompressed_size=2611 bytes)
[debug] [2025-01-16T20:09:38.317Z] [unzip] Processing entry: client\safari-pinned-tab.svg
[debug] [2025-01-16T20:09:38.317Z] [unzip] else mkdir: C:\Users\Diaz\.cache\firebase\emulators\ui-v1.14.0\client
[debug] [2025-01-16T20:09:38.317Z] [unzip] deflating: C:\Users\Diaz\.cache\firebase\emulators\ui-v1.14.0\client\safari-pinned-tab.svg
[debug] [2025-01-16T20:09:38.373Z] [unzip] Entry: client/favicon.ico (compressed_size=2933 bytes, uncompressed_size=13294 bytes)
[debug] [2025-01-16T20:09:38.373Z] [unzip] Processing entry: client\favicon.ico
[debug] [2025-01-16T20:09:38.374Z] [unzip] else mkdir: C:\Users\Diaz\.cache\firebase\emulators\ui-v1.14.0\client
[debug] [2025-01-16T20:09:38.375Z] [unzip] deflating: C:\Users\Diaz\.cache\firebase\emulators\ui-v1.14.0\client\favicon.ico
[debug] [2025-01-16T20:09:38.382Z] [unzip] Entry: client/index.html (compressed_size=1363 bytes, uncompressed_size=3071 bytes)
[debug] [2025-01-16T20:09:38.382Z] [unzip] Processing entry: client\index.html
[debug] [2025-01-16T20:09:38.382Z] [unzip] else mkdir: C:\Users\Diaz\.cache\firebase\emulators\ui-v1.14.0\client
[debug] [2025-01-16T20:09:38.383Z] [unzip] deflating: C:\Users\Diaz\.cache\firebase\emulators\ui-v1.14.0\client\index.html
[debug] [2025-01-16T20:09:38.388Z] [unzip] Entry: client/android-chrome-192x192.png (compressed_size=2684 bytes, uncompressed_size=2684 bytes)
[debug] [2025-01-16T20:09:38.389Z] [unzip] Processing entry: client\android-chrome-192x192.png
[debug] [2025-01-16T20:09:38.389Z] [unzip] else mkdir: C:\Users\Diaz\.cache\firebase\emulators\ui-v1.14.0\client
[debug] [2025-01-16T20:09:38.390Z] [unzip] Writing file: C:\Users\Diaz\.cache\firebase\emulators\ui-v1.14.0\client\android-chrome-192x192.png
[debug] [2025-01-16T20:09:38.414Z] [unzip] Entry: client/apple-touch-icon.png (compressed_size=2123 bytes, uncompressed_size=2152 bytes)
[debug] [2025-01-16T20:09:38.415Z] [unzip] Processing entry: client\apple-touch-icon.png
[debug] [2025-01-16T20:09:38.415Z] [unzip] else mkdir: C:\Users\Diaz\.cache\firebase\emulators\ui-v1.14.0\client
[debug] [2025-01-16T20:09:38.415Z] [unzip] deflating: C:\Users\Diaz\.cache\firebase\emulators\ui-v1.14.0\client\apple-touch-icon.png
[debug] [2025-01-16T20:09:38.419Z] [unzip] Entry: client/android-chrome-512x512.png (compressed_size=5369 bytes, uncompressed_size=5411 bytes)
[debug] [2025-01-16T20:09:38.419Z] [unzip] Processing entry: client\android-chrome-512x512.png
[debug] [2025-01-16T20:09:38.419Z] [unzip] else mkdir: C:\Users\Diaz\.cache\firebase\emulators\ui-v1.14.0\client
[debug] [2025-01-16T20:09:38.420Z] [unzip] deflating: C:\Users\Diaz\.cache\firebase\emulators\ui-v1.14.0\client\android-chrome-512x512.png
[debug] [2025-01-16T20:09:38.423Z] [unzip] Entry: client/manifest.json (compressed_size=245 bytes, uncompressed_size=551 bytes)
[debug] [2025-01-16T20:09:38.424Z] [unzip] Processing entry: client\manifest.json
[debug] [2025-01-16T20:09:38.424Z] [unzip] else mkdir: C:\Users\Diaz\.cache\firebase\emulators\ui-v1.14.0\client
[debug] [2025-01-16T20:09:38.425Z] [unzip] deflating: C:\Users\Diaz\.cache\firebase\emulators\ui-v1.14.0\client\manifest.json
[debug] [2025-01-16T20:09:38.427Z] [unzip] Entry: client/robots.txt (compressed_size=26 bytes, uncompressed_size=26 bytes)
[debug] [2025-01-16T20:09:38.427Z] [unzip] Processing entry: client\robots.txt
[debug] [2025-01-16T20:09:38.427Z] [unzip] else mkdir: C:\Users\Diaz\.cache\firebase\emulators\ui-v1.14.0\client
[debug] [2025-01-16T20:09:38.428Z] [unzip] Writing file: C:\Users\Diaz\.cache\firebase\emulators\ui-v1.14.0\client\robots.txt
[debug] [2025-01-16T20:09:38.430Z] [unzip] Entry: client/mstile-150x150.png (compressed_size=2034 bytes, uncompressed_size=2034 bytes)
[debug] [2025-01-16T20:09:38.430Z] [unzip] Processing entry: client\mstile-150x150.png
[debug] [2025-01-16T20:09:38.430Z] [unzip] else mkdir: C:\Users\Diaz\.cache\firebase\emulators\ui-v1.14.0\client
[debug] [2025-01-16T20:09:38.430Z] [unzip] Writing file: C:\Users\Diaz\.cache\firebase\emulators\ui-v1.14.0\client\mstile-150x150.png
[debug] [2025-01-16T20:09:38.432Z] [unzip] Entry: client/assets/ (compressed_size=0 bytes, uncompressed_size=0 bytes)
[debug] [2025-01-16T20:09:38.432Z] [unzip] Processing entry: client\assets\
[debug] [2025-01-16T20:09:38.432Z] [unzip] mkdir: C:\Users\Diaz\.cache\firebase\emulators\ui-v1.14.0\client\assets\
[debug] [2025-01-16T20:09:38.433Z] [unzip] Entry: client/assets/index-ClZTY_JS.js.map (compressed_size=2328270 bytes, uncompressed_size=9947004 bytes)
[debug] [2025-01-16T20:09:38.433Z] [unzip] Processing entry: client\assets\index-ClZTY_JS.js.map
[debug] [2025-01-16T20:09:38.434Z] [unzip] else mkdir: C:\Users\Diaz\.cache\firebase\emulators\ui-v1.14.0\client\assets
[debug] [2025-01-16T20:09:38.435Z] [unzip] deflating: C:\Users\Diaz\.cache\firebase\emulators\ui-v1.14.0\client\assets\index-ClZTY_JS.js.map
[debug] [2025-01-16T20:09:38.537Z] [unzip] Entry: client/assets/index-ClZTY_JS.js (compressed_size=567195 bytes, uncompressed_size=2035940 bytes)
[debug] [2025-01-16T20:09:38.538Z] [unzip] Processing entry: client\assets\index-ClZTY_JS.js
[debug] [2025-01-16T20:09:38.538Z] [unzip] else mkdir: C:\Users\Diaz\.cache\firebase\emulators\ui-v1.14.0\client\assets
[debug] [2025-01-16T20:09:38.539Z] [unzip] deflating: C:\Users\Diaz\.cache\firebase\emulators\ui-v1.14.0\client\assets\index-ClZTY_JS.js
[debug] [2025-01-16T20:09:38.598Z] [unzip] Entry: client/assets/index-BdgySamB.css (compressed_size=35979 bytes, uncompressed_size=298654 bytes)
[debug] [2025-01-16T20:09:38.598Z] [unzip] Processing entry: client\assets\index-BdgySamB.css
[debug] [2025-01-16T20:09:38.598Z] [unzip] else mkdir: C:\Users\Diaz\.cache\firebase\emulators\ui-v1.14.0\client\assets
[debug] [2025-01-16T20:09:38.599Z] [unzip] deflating: C:\Users\Diaz\.cache\firebase\emulators\ui-v1.14.0\client\assets\index-BdgySamB.css
[debug] [2025-01-16T20:09:38.647Z] [unzip] Entry: client/assets/extensions/ (compressed_size=0 bytes, uncompressed_size=0 bytes)
[debug] [2025-01-16T20:09:38.648Z] [unzip] Processing entry: client\assets\extensions\
[debug] [2025-01-16T20:09:38.648Z] [unzip] mkdir: C:\Users\Diaz\.cache\firebase\emulators\ui-v1.14.0\client\assets\extensions\
[debug] [2025-01-16T20:09:38.649Z] [unzip] Entry: client/assets/extensions/default-extension.png (compressed_size=1646 bytes, uncompressed_size=1657 bytes)
[debug] [2025-01-16T20:09:38.649Z] [unzip] Processing entry: client\assets\extensions\default-extension.png
[debug] [2025-01-16T20:09:38.649Z] [unzip] else mkdir: C:\Users\Diaz\.cache\firebase\emulators\ui-v1.14.0\client\assets\extensions
[debug] [2025-01-16T20:09:38.650Z] [unzip] deflating: C:\Users\Diaz\.cache\firebase\emulators\ui-v1.14.0\client\assets\extensions\default-extension.png
[debug] [2025-01-16T20:09:38.652Z] [unzip] Entry: client/assets/img/ (compressed_size=0 bytes, uncompressed_size=0 bytes)
[debug] [2025-01-16T20:09:38.653Z] [unzip] Processing entry: client\assets\img\
[debug] [2025-01-16T20:09:38.653Z] [unzip] mkdir: C:\Users\Diaz\.cache\firebase\emulators\ui-v1.14.0\client\assets\img\
[debug] [2025-01-16T20:09:38.653Z] [unzip] Entry: client/assets/img/database.png (compressed_size=29449 bytes, uncompressed_size=29988 bytes)
[debug] [2025-01-16T20:09:38.654Z] [unzip] Processing entry: client\assets\img\database.png
[debug] [2025-01-16T20:09:38.654Z] [unzip] else mkdir: C:\Users\Diaz\.cache\firebase\emulators\ui-v1.14.0\client\assets\img
[debug] [2025-01-16T20:09:38.654Z] [unzip] deflating: C:\Users\Diaz\.cache\firebase\emulators\ui-v1.14.0\client\assets\img\database.png
[debug] [2025-01-16T20:09:38.656Z] [unzip] Entry: client/assets/provider-icons/ (compressed_size=0 bytes, uncompressed_size=0 bytes)
[debug] [2025-01-16T20:09:38.657Z] [unzip] Processing entry: client\assets\provider-icons\
[debug] [2025-01-16T20:09:38.657Z] [unzip] mkdir: C:\Users\Diaz\.cache\firebase\emulators\ui-v1.14.0\client\assets\provider-icons\
[debug] [2025-01-16T20:09:38.657Z] [unzip] Entry: client/assets/provider-icons/auth_service_saml.svg (compressed_size=575 bytes, uncompressed_size=1226 bytes)
[debug] [2025-01-16T20:09:38.657Z] [unzip] Processing entry: client\assets\provider-icons\auth_service_saml.svg
[debug] [2025-01-16T20:09:38.657Z] [unzip] else mkdir: C:\Users\Diaz\.cache\firebase\emulators\ui-v1.14.0\client\assets\provider-icons
[debug] [2025-01-16T20:09:38.657Z] [unzip] deflating: C:\Users\Diaz\.cache\firebase\emulators\ui-v1.14.0\client\assets\provider-icons\auth_service_saml.svg
[debug] [2025-01-16T20:09:38.659Z] [unzip] Entry: client/assets/provider-icons/auth_service_phone.svg (compressed_size=261 bytes, uncompressed_size=414 bytes)
[debug] [2025-01-16T20:09:38.659Z] [unzip] Processing entry: client\assets\provider-icons\auth_service_phone.svg
[debug] [2025-01-16T20:09:38.659Z] [unzip] else mkdir: C:\Users\Diaz\.cache\firebase\emulators\ui-v1.14.0\client\assets\provider-icons
[debug] [2025-01-16T20:09:38.659Z] [unzip] deflating: C:\Users\Diaz\.cache\firebase\emulators\ui-v1.14.0\client\assets\provider-icons\auth_service_phone.svg
[debug] [2025-01-16T20:09:38.661Z] [unzip] Entry: client/assets/provider-icons/auth_service_facebook.svg (compressed_size=289 bytes, uncompressed_size=457 bytes)
[debug] [2025-01-16T20:09:38.661Z] [unzip] Processing entry: client\assets\provider-icons\auth_service_facebook.svg
[debug] [2025-01-16T20:09:38.661Z] [unzip] else mkdir: C:\Users\Diaz\.cache\firebase\emulators\ui-v1.14.0\client\assets\provider-icons
[debug] [2025-01-16T20:09:38.661Z] [unzip] deflating: C:\Users\Diaz\.cache\firebase\emulators\ui-v1.14.0\client\assets\provider-icons\auth_service_facebook.svg
[debug] [2025-01-16T20:09:38.663Z] [unzip] Entry: client/assets/provider-icons/auth_service_game_center.svg (compressed_size=991 bytes, uncompressed_size=3921 bytes)
[debug] [2025-01-16T20:09:38.664Z] [unzip] Processing entry: client\assets\provider-icons\auth_service_game_center.svg
[debug] [2025-01-16T20:09:38.664Z] [unzip] else mkdir: C:\Users\Diaz\.cache\firebase\emulators\ui-v1.14.0\client\assets\provider-icons
[debug] [2025-01-16T20:09:38.664Z] [unzip] deflating: C:\Users\Diaz\.cache\firebase\emulators\ui-v1.14.0\client\assets\provider-icons\auth_service_game_center.svg
[debug] [2025-01-16T20:09:38.666Z] [unzip] Entry: client/assets/provider-icons/auth_service_apple.svg (compressed_size=230 bytes, uncompressed_size=334 bytes)
[debug] [2025-01-16T20:09:38.666Z] [unzip] Processing entry: client\assets\provider-icons\auth_service_apple.svg
[debug] [2025-01-16T20:09:38.666Z] [unzip] else mkdir: C:\Users\Diaz\.cache\firebase\emulators\ui-v1.14.0\client\assets\provider-icons
[debug] [2025-01-16T20:09:38.667Z] [unzip] deflating: C:\Users\Diaz\.cache\firebase\emulators\ui-v1.14.0\client\assets\provider-icons\auth_service_apple.svg
[debug] [2025-01-16T20:09:38.670Z] [unzip] Entry: client/assets/provider-icons/auth_service_github.svg (compressed_size=466 bytes, uncompressed_size=838 bytes)
[debug] [2025-01-16T20:09:38.670Z] [unzip] Processing entry: client\assets\provider-icons\auth_service_github.svg
[debug] [2025-01-16T20:09:38.670Z] [unzip] else mkdir: C:\Users\Diaz\.cache\firebase\emulators\ui-v1.14.0\client\assets\provider-icons
[debug] [2025-01-16T20:09:38.671Z] [unzip] deflating: C:\Users\Diaz\.cache\firebase\emulators\ui-v1.14.0\client\assets\provider-icons\auth_service_github.svg
[debug] [2025-01-16T20:09:38.674Z] [unzip] Entry: client/assets/provider-icons/auth_service_mslive.svg (compressed_size=203 bytes, uncompressed_size=378 bytes)
[debug] [2025-01-16T20:09:38.674Z] [unzip] Processing entry: client\assets\provider-icons\auth_service_mslive.svg
[debug] [2025-01-16T20:09:38.674Z] [unzip] else mkdir: C:\Users\Diaz\.cache\firebase\emulators\ui-v1.14.0\client\assets\provider-icons
[debug] [2025-01-16T20:09:38.675Z] [unzip] deflating: C:\Users\Diaz\.cache\firebase\emulators\ui-v1.14.0\client\assets\provider-icons\auth_service_mslive.svg
[debug] [2025-01-16T20:09:38.676Z] [unzip] Entry: client/assets/provider-icons/auth_service_yahoo.svg (compressed_size=577 bytes, uncompressed_size=1182 bytes)
[debug] [2025-01-16T20:09:38.676Z] [unzip] Processing entry: client\assets\provider-icons\auth_service_yahoo.svg
[debug] [2025-01-16T20:09:38.676Z] [unzip] else mkdir: C:\Users\Diaz\.cache\firebase\emulators\ui-v1.14.0\client\assets\provider-icons
[debug] [2025-01-16T20:09:38.677Z] [unzip] deflating: C:\Users\Diaz\.cache\firebase\emulators\ui-v1.14.0\client\assets\provider-icons\auth_service_yahoo.svg
[debug] [2025-01-16T20:09:38.678Z] [unzip] Entry: client/assets/provider-icons/auth_service_twitter.svg (compressed_size=444 bytes, uncompressed_size=751 bytes)
[debug] [2025-01-16T20:09:38.679Z] [unzip] Processing entry: client\assets\provider-icons\auth_service_twitter.svg
[debug] [2025-01-16T20:09:38.679Z] [unzip] else mkdir: C:\Users\Diaz\.cache\firebase\emulators\ui-v1.14.0\client\assets\provider-icons
[debug] [2025-01-16T20:09:38.679Z] [unzip] deflating: C:\Users\Diaz\.cache\firebase\emulators\ui-v1.14.0\client\assets\provider-icons\auth_service_twitter.svg
[debug] [2025-01-16T20:09:38.681Z] [unzip] Entry: client/assets/provider-icons/auth_service_play_games.svg (compressed_size=565 bytes, uncompressed_size=1173 bytes)
[debug] [2025-01-16T20:09:38.681Z] [unzip] Processing entry: client\assets\provider-icons\auth_service_play_games.svg
[debug] [2025-01-16T20:09:38.681Z] [unzip] else mkdir: C:\Users\Diaz\.cache\firebase\emulators\ui-v1.14.0\client\assets\provider-icons
[debug] [2025-01-16T20:09:38.681Z] [unzip] deflating: C:\Users\Diaz\.cache\firebase\emulators\ui-v1.14.0\client\assets\provider-icons\auth_service_play_games.svg
[debug] [2025-01-16T20:09:38.683Z] [unzip] Entry: client/assets/provider-icons/auth_service_email.svg (compressed_size=228 bytes, uncompressed_size=326 bytes)
[debug] [2025-01-16T20:09:38.683Z] [unzip] Processing entry: client\assets\provider-icons\auth_service_email.svg
[debug] [2025-01-16T20:09:38.684Z] [unzip] else mkdir: C:\Users\Diaz\.cache\firebase\emulators\ui-v1.14.0\client\assets\provider-icons
[debug] [2025-01-16T20:09:38.685Z] [unzip] deflating: C:\Users\Diaz\.cache\firebase\emulators\ui-v1.14.0\client\assets\provider-icons\auth_service_email.svg
[debug] [2025-01-16T20:09:38.690Z] [unzip] Entry: client/assets/provider-icons/auth_service_google.svg (compressed_size=409 bytes, uncompressed_size=720 bytes)
[debug] [2025-01-16T20:09:38.691Z] [unzip] Processing entry: client\assets\provider-icons\auth_service_google.svg
[debug] [2025-01-16T20:09:38.691Z] [unzip] else mkdir: C:\Users\Diaz\.cache\firebase\emulators\ui-v1.14.0\client\assets\provider-icons
[debug] [2025-01-16T20:09:38.691Z] [unzip] deflating: C:\Users\Diaz\.cache\firebase\emulators\ui-v1.14.0\client\assets\provider-icons\auth_service_google.svg
[debug] [2025-01-16T20:09:38.693Z] [unzip] Entry: client/assets/provider-icons/auth_service_oidc.svg (compressed_size=414 bytes, uncompressed_size=858 bytes)
[debug] [2025-01-16T20:09:38.693Z] [unzip] Processing entry: client\assets\provider-icons\auth_service_oidc.svg
[debug] [2025-01-16T20:09:38.694Z] [unzip] else mkdir: C:\Users\Diaz\.cache\firebase\emulators\ui-v1.14.0\client\assets\provider-icons
[debug] [2025-01-16T20:09:38.694Z] [unzip] deflating: C:\Users\Diaz\.cache\firebase\emulators\ui-v1.14.0\client\assets\provider-icons\auth_service_oidc.svg
[debug] [2025-01-16T20:09:38.696Z] [unzip] Entry: client/browserconfig.xml (compressed_size=491 bytes, uncompressed_size=822 bytes)
[debug] [2025-01-16T20:09:38.696Z] [unzip] Processing entry: client\browserconfig.xml
[debug] [2025-01-16T20:09:38.696Z] [unzip] else mkdir: C:\Users\Diaz\.cache\firebase\emulators\ui-v1.14.0\client
[debug] [2025-01-16T20:09:38.696Z] [unzip] deflating: C:\Users\Diaz\.cache\firebase\emulators\ui-v1.14.0\client\browserconfig.xml
[debug] [2025-01-16T20:09:38.698Z] [unzip] Entry: client/favicon-32x32.png (compressed_size=475 bytes, uncompressed_size=475 bytes)
[debug] [2025-01-16T20:09:38.698Z] [unzip] Processing entry: client\favicon-32x32.png
[debug] [2025-01-16T20:09:38.698Z] [unzip] else mkdir: C:\Users\Diaz\.cache\firebase\emulators\ui-v1.14.0\client
[debug] [2025-01-16T20:09:38.698Z] [unzip] Writing file: C:\Users\Diaz\.cache\firebase\emulators\ui-v1.14.0\client\favicon-32x32.png
[debug] [2025-01-16T20:09:38.699Z] [unzip] Entry: server/ (compressed_size=0 bytes, uncompressed_size=0 bytes)
[debug] [2025-01-16T20:09:38.700Z] [unzip] Processing entry: server\
[debug] [2025-01-16T20:09:38.700Z] [unzip] mkdir: C:\Users\Diaz\.cache\firebase\emulators\ui-v1.14.0\server\
[debug] [2025-01-16T20:09:38.700Z] [unzip] Entry: server/server.mjs.map (compressed_size=296496 bytes, uncompressed_size=1355667 bytes)
[debug] [2025-01-16T20:09:38.700Z] [unzip] Processing entry: server\server.mjs.map
[debug] [2025-01-16T20:09:38.700Z] [unzip] else mkdir: C:\Users\Diaz\.cache\firebase\emulators\ui-v1.14.0\server
[debug] [2025-01-16T20:09:38.700Z] [unzip] deflating: C:\Users\Diaz\.cache\firebase\emulators\ui-v1.14.0\server\server.mjs.map
[debug] [2025-01-16T20:09:38.719Z] [unzip] Entry: server/server.mjs (compressed_size=315701 bytes, uncompressed_size=1172682 bytes)
[debug] [2025-01-16T20:09:38.719Z] [unzip] Processing entry: server\server.mjs
[debug] [2025-01-16T20:09:38.719Z] [unzip] else mkdir: C:\Users\Diaz\.cache\firebase\emulators\ui-v1.14.0\server
[debug] [2025-01-16T20:09:38.720Z] [unzip] deflating: C:\Users\Diaz\.cache\firebase\emulators\ui-v1.14.0\server\server.mjs
[debug] [2025-01-16T20:09:38.732Z] [unzip] Entry: server/assets/ (compressed_size=0 bytes, uncompressed_size=0 bytes)
[debug] [2025-01-16T20:09:38.733Z] [unzip] Processing entry: server\assets\
[debug] [2025-01-16T20:09:38.733Z] [unzip] mkdir: C:\Users\Diaz\.cache\firebase\emulators\ui-v1.14.0\server\assets\
[debug] [2025-01-16T20:09:38.733Z] [unzip] Entry: server/assets/multipart-parser-DGCUZdXu.mjs.map (compressed_size=4791 bytes, uncompressed_size=17918 bytes)
[debug] [2025-01-16T20:09:38.733Z] [unzip] Processing entry: server\assets\multipart-parser-DGCUZdXu.mjs.map
[debug] [2025-01-16T20:09:38.733Z] [unzip] else mkdir: C:\Users\Diaz\.cache\firebase\emulators\ui-v1.14.0\server\assets
[debug] [2025-01-16T20:09:38.733Z] [unzip] deflating: C:\Users\Diaz\.cache\firebase\emulators\ui-v1.14.0\server\assets\multipart-parser-DGCUZdXu.mjs.map
[debug] [2025-01-16T20:09:38.736Z] [unzip] Entry: server/assets/multipart-parser-DGCUZdXu.mjs (compressed_size=2621 bytes, uncompressed_size=10390 bytes)
[debug] [2025-01-16T20:09:38.736Z] [unzip] Processing entry: server\assets\multipart-parser-DGCUZdXu.mjs
[debug] [2025-01-16T20:09:38.736Z] [unzip] else mkdir: C:\Users\Diaz\.cache\firebase\emulators\ui-v1.14.0\server\assets
[debug] [2025-01-16T20:09:38.736Z] [unzip] deflating: C:\Users\Diaz\.cache\firebase\emulators\ui-v1.14.0\server\assets\multipart-parser-DGCUZdXu.mjs
[debug] [2025-01-16T20:09:38.746Z] [Extensions] Connecting Extensions emulator, this is a noop.
[info] i  functions: Watching "C:\Users\Diaz\Desktop\amazon-clone1\functions" for Cloud Functions... {"metadata":{"emulator":{"name":"functions"},"message":"Watching \"C:\\Users\\Diaz\\Desktop\\amazon-clone1\\functions\" for Cloud Functions..."}}
[debug] [2025-01-16T20:09:38.778Z] Validating nodejs source
[debug] [2025-01-16T20:09:45.613Z] > [functions] package.json contents: {
  "name": "functions",
  "description": "Cloud Functions for Firebase",
  "scripts": {
    "lint": "eslint .",
    "serve": "firebase emulators:start --only functions",
    "shell": "firebase functions:shell",
    "start": "npm run shell",
    "deploy": "firebase deploy --only functions",
    "logs": "firebase functions:log"
  },
  "engines": {
    "node": "22"
  },
  "main": "index.js",
  "dependencies": {
    "cors": "^2.8.5",
    "express": "^4.21.2",
    "firebase-admin": "^12.6.0",
    "firebase-functions": "^6.0.1",
    "stripe": "^17.5.0"
  },
  "devDependencies": {
    "eslint": "^8.15.0",
    "eslint-config-google": "^0.14.0",
    "firebase-functions-test": "^3.1.0"
  },
  "private": true
}
[debug] [2025-01-16T20:09:45.614Z] Building nodejs source
[debug] [2025-01-16T20:09:45.615Z] Failed to find version of module node: reached end of search path C:\Users\Diaz\Desktop\amazon-clone1\functions\node_modules
[info] +  functions: Using node@22 from host. 
[debug] [2025-01-16T20:09:45.622Z] Could not find functions.yaml. Must use http discovery
[debug] [2025-01-16T20:09:45.633Z] Found firebase-functions binary at 'C:\Users\Diaz\Desktop\amazon-clone1\functions\node_modules\.bin\firebase-functions'
[info] Serving at port 8945

[debug] [2025-01-16T20:09:48.136Z] Got response from /__/functions.yaml {"endpoints":{"api":{"availableMemoryMb":null,"timeoutSeconds":null,"minInstances":null,"maxInstances":null,"ingressSettings":null,"concurrency":null,"serviceAccountEmail":null,"vpc":null,"platform":"gcfv2","labels":{},"httpsTrigger":{},"entryPoint":"api"}},"specVersion":"v1alpha1","requiredAPIs":[],"extensions":{}}
[debug] [2025-01-16T20:09:52.195Z] defaultcredentials: writing to file C:\Users\Diaz\AppData\Roaming\firebase\tshegofatso_legari_gmail.com_application_default_credentials.json
[debug] [2025-01-16T20:09:52.196Z] Setting GAC to C:\Users\Diaz\AppData\Roaming\firebase\tshegofatso_legari_gmail.com_application_default_credentials.json {"metadata":{"emulator":{"name":"functions"},"message":"Setting GAC to C:\\Users\\Diaz\\AppData\\Roaming\\firebase\\tshegofatso_legari_gmail.com_application_default_credentials.json"}}
[info] +  functions: Loaded functions definitions from source: api. {"metadata":{"emulator":{"name":"functions"},"message":"Loaded functions definitions from source: api."}}
[info] +  functions[us-central1-api]: http function initialized (http://127.0.0.1:5001/clone-619c2/us-central1/api). {"metadata":{"emulator":{"name":"functions"},"message":"\u001b[1mhttp\u001b[22m function initialized (http://127.0.0.1:5001/clone-619c2/us-central1/api)."}}
[debug] [2025-01-16T20:09:52.218Z] Could not find VSCode notification endpoint: FetchError: request to http://localhost:40001/vscode/notify failed, reason: connect ECONNREFUSED ::1:40001. If you are not running the Firebase Data Connect VSCode extension, this is expected and not an issue.
[info] 
┌─────────────────────────────────────────────────────────────┐
│ ✔  All emulators ready! It is now safe to connect your app. │
│ i  View Emulator UI at http://127.0.0.1:4000/               │
└─────────────────────────────────────────────────────────────┘

┌────────────┬────────────────┬──────────────────────────────────┐
│ Emulator   │ Host:Port      │ View in Emulator UI              │
├────────────┼────────────────┼──────────────────────────────────┤
│ Functions  │ 127.0.0.1:5001 │ http://127.0.0.1:4000/functions  │
├────────────┼────────────────┼──────────────────────────────────┤
│ Extensions │ 127.0.0.1:5001 │ http://127.0.0.1:4000/extensions │
└────────────┴────────────────┴──────────────────────────────────┘
  Emulator Hub running at 127.0.0.1:4400
  Other reserved ports: 4500
┌─────────────────────────┬───────────────┬─────────────────────┐
│ Extension Instance Name │ Extension Ref │ View in Emulator UI │
└─────────────────────────┴───────────────┴─────────────────────┘
Issues? Report them at https://github.com/firebase/firebase-tools/issues and attach the *-debug.log files.
 
[debug] [2025-01-16T20:15:19.865Z] [work-queue] {"queuedWork":["/clone-619c2/us-central1/api-2025-01-16T20:15:19.864Z"],"queueLength":1,"runningWork":[],"workRunningCount":0}
[debug] [2025-01-16T20:15:19.865Z] [work-queue] {"queuedWork":[],"queueLength":0,"runningWork":["/clone-619c2/us-central1/api-2025-01-16T20:15:19.864Z"],"workRunningCount":1}
[debug] [2025-01-16T20:15:19.866Z] Accepted request GET /clone-619c2/us-central1/api --> us-central1-api
[debug] [2025-01-16T20:15:19.872Z] [functions] Runtime ready! Sending request! {"metadata":{"emulator":{"name":"functions"},"message":"[functions] Runtime ready! Sending request!"}}
[debug] [2025-01-16T20:15:19.873Z] [functions] Got req.url=/clone-619c2/us-central1/api, mapping to path=/ {"metadata":{"emulator":{"name":"functions"},"message":"[functions] Got req.url=/clone-619c2/us-central1/api, mapping to path=/"}}
[debug] [2025-01-16T20:15:21.142Z] [worker-pool] addWorker(us-central1-api) {"metadata":{"emulator":{"name":"functions"},"message":"[worker-pool] addWorker(us-central1-api)"}}
[debug] [2025-01-16T20:15:21.143Z] [worker-pool] Adding worker with key us-central1-api, total=1 {"metadata":{"emulator":{"name":"functions"},"message":"[worker-pool] Adding worker with key us-central1-api, total=1"}}
[info] >  (node:6948) [DEP0040] DeprecationWarning: The `punycode` module is deprecated. Please use a userland alternative instead. {"user":"(node:6948) [DEP0040] DeprecationWarning: The `punycode` module is deprecated. Please use a userland alternative instead.","metadata":{"emulator":{"name":"functions"},"function":{"name":"us-central1-api"},"extension":{},"message":"\u001b[90m> \u001b[39m (node:6948) [DEP0040] DeprecationWarning: The `punycode` module is deprecated. Please use a userland alternative instead."}}
[info] >  (Use `node --trace-deprecation ...` to show where the warning was created) {"user":"(Use `node --trace-deprecation ...` to show where the warning was created)","metadata":{"emulator":{"name":"functions"},"function":{"name":"us-central1-api"},"extension":{},"message":"\u001b[90m> \u001b[39m (Use `node --trace-deprecation ...` to show where the warning was created)"}}
[debug] [2025-01-16T20:15:23.209Z] [runtime-status] [6948] Resolved module firebase-admin {"declared":true,"installed":true,"version":"12.7.0","resolution":"C:\\Users\\Diaz\\Desktop\\amazon-clone1\\functions\\node_modules\\firebase-admin\\lib\\index.js"} {"metadata":{"emulator":{"name":"functions"},"function":{"name":"us-central1-api"},"extension":{},"message":"[runtime-status] [6948] Resolved module firebase-admin {\"declared\":true,\"installed\":true,\"version\":\"12.7.0\",\"resolution\":\"C:\\\\Users\\\\Diaz\\\\Desktop\\\\amazon-clone1\\\\functions\\\\node_modules\\\\firebase-admin\\\\lib\\\\index.js\"}"}}
[debug] [2025-01-16T20:15:23.213Z] [runtime-status] [6948] Resolved module firebase-functions {"declared":true,"installed":true,"version":"6.2.0","resolution":"C:\\Users\\Diaz\\Desktop\\amazon-clone1\\functions\\node_modules\\firebase-functions\\lib\\v2\\index.js"} {"metadata":{"emulator":{"name":"functions"},"function":{"name":"us-central1-api"},"extension":{},"message":"[runtime-status] [6948] Resolved module firebase-functions {\"declared\":true,\"installed\":true,\"version\":\"6.2.0\",\"resolution\":\"C:\\\\Users\\\\Diaz\\\\Desktop\\\\amazon-clone1\\\\functions\\\\node_modules\\\\firebase-functions\\\\lib\\\\v2\\\\index.js\"}"}}
[debug] [2025-01-16T20:15:23.214Z] [runtime-status] [6948] Outgoing network have been stubbed. [{"name":"http","status":"mocked"},{"name":"http","status":"mocked"},{"name":"https","status":"mocked"},{"name":"https","status":"mocked"},{"name":"net","status":"mocked"}] {"metadata":{"emulator":{"name":"functions"},"function":{"name":"us-central1-api"},"extension":{},"message":"[runtime-status] [6948] Outgoing network have been stubbed. [{\"name\":\"http\",\"status\":\"mocked\"},{\"name\":\"http\",\"status\":\"mocked\"},{\"name\":\"https\",\"status\":\"mocked\"},{\"name\":\"https\",\"status\":\"mocked\"},{\"name\":\"net\",\"status\":\"mocked\"}]"}}
[debug] [2025-01-16T20:15:23.217Z] [runtime-status] [6948] Resolved module firebase-functions {"declared":true,"installed":true,"version":"6.2.0","resolution":"C:\\Users\\Diaz\\Desktop\\amazon-clone1\\functions\\node_modules\\firebase-functions\\lib\\v2\\index.js"} {"metadata":{"emulator":{"name":"functions"},"function":{"name":"us-central1-api"},"extension":{},"message":"[runtime-status] [6948] Resolved module firebase-functions {\"declared\":true,\"installed\":true,\"version\":\"6.2.0\",\"resolution\":\"C:\\\\Users\\\\Diaz\\\\Desktop\\\\amazon-clone1\\\\functions\\\\node_modules\\\\firebase-functions\\\\lib\\\\v2\\\\index.js\"}"}}
[debug] [2025-01-16T20:15:23.943Z] [runtime-status] [6948] Checked functions.config() {"config":{}} {"metadata":{"emulator":{"name":"functions"},"function":{"name":"us-central1-api"},"extension":{},"message":"[runtime-status] [6948] Checked functions.config() {\"config\":{}}"}}
[debug] [2025-01-16T20:15:23.943Z] [runtime-status] [6948] firebase-functions has been stubbed. {"functionsResolution":{"declared":true,"installed":true,"version":"6.2.0","resolution":"C:\\Users\\Diaz\\Desktop\\amazon-clone1\\functions\\node_modules\\firebase-functions\\lib\\v2\\index.js"}} {"metadata":{"emulator":{"name":"functions"},"function":{"name":"us-central1-api"},"extension":{},"message":"[runtime-status] [6948] firebase-functions has been stubbed. {\"functionsResolution\":{\"declared\":true,\"installed\":true,\"version\":\"6.2.0\",\"resolution\":\"C:\\\\Users\\\\Diaz\\\\Desktop\\\\amazon-clone1\\\\functions\\\\node_modules\\\\firebase-functions\\\\lib\\\\v2\\\\index.js\"}}"}}
[debug] [2025-01-16T20:15:23.944Z] [runtime-status] [6948] Resolved module firebase-functions {"declared":true,"installed":true,"version":"6.2.0","resolution":"C:\\Users\\Diaz\\Desktop\\amazon-clone1\\functions\\node_modules\\firebase-functions\\lib\\v2\\index.js"} {"metadata":{"emulator":{"name":"functions"},"function":{"name":"us-central1-api"},"extension":{},"message":"[runtime-status] [6948] Resolved module firebase-functions {\"declared\":true,\"installed\":true,\"version\":\"6.2.0\",\"resolution\":\"C:\\\\Users\\\\Diaz\\\\Desktop\\\\amazon-clone1\\\\functions\\\\node_modules\\\\firebase-functions\\\\lib\\\\v2\\\\index.js\"}"}}
[debug] [2025-01-16T20:15:23.996Z] [runtime-status] [6948] Resolved module firebase-admin {"declared":true,"installed":true,"version":"12.7.0","resolution":"C:\\Users\\Diaz\\Desktop\\amazon-clone1\\functions\\node_modules\\firebase-admin\\lib\\index.js"} {"metadata":{"emulator":{"name":"functions"},"function":{"name":"us-central1-api"},"extension":{},"message":"[runtime-status] [6948] Resolved module firebase-admin {\"declared\":true,\"installed\":true,\"version\":\"12.7.0\",\"resolution\":\"C:\\\\Users\\\\Diaz\\\\Desktop\\\\amazon-clone1\\\\functions\\\\node_modules\\\\firebase-admin\\\\lib\\\\index.js\"}"}}
[debug] [2025-01-16T20:15:24.004Z] [runtime-status] [6948] Resolved module firebase-functions {"declared":true,"installed":true,"version":"6.2.0","resolution":"C:\\Users\\Diaz\\Desktop\\amazon-clone1\\functions\\node_modules\\firebase-functions\\lib\\v2\\index.js"} {"metadata":{"emulator":{"name":"functions"},"function":{"name":"us-central1-api"},"extension":{},"message":"[runtime-status] [6948] Resolved module firebase-functions {\"declared\":true,\"installed\":true,\"version\":\"6.2.0\",\"resolution\":\"C:\\\\Users\\\\Diaz\\\\Desktop\\\\amazon-clone1\\\\functions\\\\node_modules\\\\firebase-functions\\\\lib\\\\v2\\\\index.js\"}"}}
[debug] [2025-01-16T20:15:24.005Z] [runtime-status] [6948] firebase-admin has been stubbed. {"adminResolution":{"declared":true,"installed":true,"version":"12.7.0","resolution":"C:\\Users\\Diaz\\Desktop\\amazon-clone1\\functions\\node_modules\\firebase-admin\\lib\\index.js"}} {"metadata":{"emulator":{"name":"functions"},"function":{"name":"us-central1-api"},"extension":{},"message":"[runtime-status] [6948] firebase-admin has been stubbed. {\"adminResolution\":{\"declared\":true,\"installed\":true,\"version\":\"12.7.0\",\"resolution\":\"C:\\\\Users\\\\Diaz\\\\Desktop\\\\amazon-clone1\\\\functions\\\\node_modules\\\\firebase-admin\\\\lib\\\\index.js\"}}"}}
[debug] [2025-01-16T20:15:24.335Z] [runtime-status] [6948] Functions runtime initialized. {"cwd":"C:\\Users\\Diaz\\Desktop\\amazon-clone1\\functions","node_version":"22.12.0"} {"metadata":{"emulator":{"name":"functions"},"function":{"name":"us-central1-api"},"extension":{},"message":"[runtime-status] [6948] Functions runtime initialized. {\"cwd\":\"C:\\\\Users\\\\Diaz\\\\Desktop\\\\amazon-clone1\\\\functions\",\"node_version\":\"22.12.0\"}"}}
[debug] [2025-01-16T20:15:24.335Z] [runtime-status] [6948] Listening to port: \\?\pipe\fire_emu_daccd146e4801447 {"metadata":{"emulator":{"name":"functions"},"function":{"name":"us-central1-api"},"extension":{},"message":"[runtime-status] [6948] Listening to port: \\\\?\\pipe\\fire_emu_daccd146e4801447"}}
[debug] [2025-01-16T20:15:24.395Z] [worker-us-central1-api-7c6e4886-3ab2-47ad-a03f-2a69be658b8c]: IDLE {"metadata":{"emulator":{"name":"functions"},"function":{"name":"us-central1-api"},"extension":{},"message":"[worker-us-central1-api-7c6e4886-3ab2-47ad-a03f-2a69be658b8c]: IDLE"}}
[debug] [2025-01-16T20:15:24.395Z] [worker-pool] submitRequest(triggerId=us-central1-api) {"metadata":{"emulator":{"name":"functions"},"message":"[worker-pool] submitRequest(triggerId=us-central1-api)"}}
[info] i  functions: Beginning execution of "us-central1-api" {"metadata":{"emulator":{"name":"functions"},"function":{"name":"us-central1-api"},"extension":{},"message":"Beginning execution of \"us-central1-api\""}}
[debug] [2025-01-16T20:15:24.396Z] [worker-us-central1-api-7c6e4886-3ab2-47ad-a03f-2a69be658b8c]: BUSY {"metadata":{"emulator":{"name":"functions"},"function":{"name":"us-central1-api"},"extension":{},"message":"[worker-us-central1-api-7c6e4886-3ab2-47ad-a03f-2a69be658b8c]: BUSY"}}
[debug] [2025-01-16T20:15:24.408Z] Finishing up request with event=pause {"metadata":{"emulator":{"name":"functions"},"function":{"name":"us-central1-api"},"extension":{},"message":"Finishing up request with event=pause"}}
[info] i  functions: Finished "us-central1-api" in 11.9407ms {"metadata":{"emulator":{"name":"functions"},"function":{"name":"us-central1-api"},"extension":{},"message":"Finished \"us-central1-api\" in 11.9407ms"}}
[debug] [2025-01-16T20:15:24.409Z] [worker-us-central1-api-7c6e4886-3ab2-47ad-a03f-2a69be658b8c]: IDLE {"metadata":{"emulator":{"name":"functions"},"function":{"name":"us-central1-api"},"extension":{},"message":"[worker-us-central1-api-7c6e4886-3ab2-47ad-a03f-2a69be658b8c]: IDLE"}}
[debug] [2025-01-16T20:15:24.410Z] Finishing up request with event=finish {"metadata":{"emulator":{"name":"functions"},"function":{"name":"us-central1-api"},"extension":{},"message":"Finishing up request with event=finish"}}
[debug] [2025-01-16T20:15:24.410Z] Finishing up request with event=close {"metadata":{"emulator":{"name":"functions"},"function":{"name":"us-central1-api"},"extension":{},"message":"Finishing up request with event=close"}}
[debug] [2025-01-16T20:15:24.410Z] [work-queue] {"queuedWork":[],"queueLength":0,"runningWork":[],"workRunningCount":0}
[debug] [2025-01-16T20:15:24.508Z] Functions emulator received unknown request at path /favicon.ico
[debug] [2025-01-16T20:15:26.040Z] [work-queue] {"queuedWork":["/clone-619c2/us-central1/api-2025-01-16T20:15:26.040Z"],"queueLength":1,"runningWork":[],"workRunningCount":0}
[debug] [2025-01-16T20:15:26.041Z] [work-queue] {"queuedWork":[],"queueLength":0,"runningWork":["/clone-619c2/us-central1/api-2025-01-16T20:15:26.040Z"],"workRunningCount":1}
[debug] [2025-01-16T20:15:26.041Z] Accepted request GET /clone-619c2/us-central1/api --> us-central1-api
[debug] [2025-01-16T20:15:26.043Z] [functions] Runtime ready! Sending request! {"metadata":{"emulator":{"name":"functions"},"message":"[functions] Runtime ready! Sending request!"}}
[debug] [2025-01-16T20:15:26.043Z] [functions] Got req.url=/clone-619c2/us-central1/api, mapping to path=/ {"metadata":{"emulator":{"name":"functions"},"message":"[functions] Got req.url=/clone-619c2/us-central1/api, mapping to path=/"}}
[debug] [2025-01-16T20:15:26.043Z] [worker-pool] submitRequest(triggerId=us-central1-api) {"metadata":{"emulator":{"name":"functions"},"message":"[worker-pool] submitRequest(triggerId=us-central1-api)"}}
[info] i  functions: Beginning execution of "us-central1-api" {"metadata":{"emulator":{"name":"functions"},"function":{"name":"us-central1-api"},"extension":{},"message":"Beginning execution of \"us-central1-api\""}}
[debug] [2025-01-16T20:15:26.044Z] [worker-us-central1-api-7c6e4886-3ab2-47ad-a03f-2a69be658b8c]: BUSY {"metadata":{"emulator":{"name":"functions"},"function":{"name":"us-central1-api"},"extension":{},"message":"[worker-us-central1-api-7c6e4886-3ab2-47ad-a03f-2a69be658b8c]: BUSY"}}
[debug] [2025-01-16T20:15:26.052Z] Finishing up request with event=pause {"metadata":{"emulator":{"name":"functions"},"function":{"name":"us-central1-api"},"extension":{},"message":"Finishing up request with event=pause"}}
[info] i  functions: Finished "us-central1-api" in 8.322ms {"metadata":{"emulator":{"name":"functions"},"function":{"name":"us-central1-api"},"extension":{},"message":"Finished \"us-central1-api\" in 8.322ms"}}
[debug] [2025-01-16T20:15:26.054Z] [worker-us-central1-api-7c6e4886-3ab2-47ad-a03f-2a69be658b8c]: IDLE {"metadata":{"emulator":{"name":"functions"},"function":{"name":"us-central1-api"},"extension":{},"message":"[worker-us-central1-api-7c6e4886-3ab2-47ad-a03f-2a69be658b8c]: IDLE"}}
[debug] [2025-01-16T20:15:26.054Z] Finishing up request with event=finish {"metadata":{"emulator":{"name":"functions"},"function":{"name":"us-central1-api"},"extension":{},"message":"Finishing up request with event=finish"}}
[debug] [2025-01-16T20:15:26.054Z] Finishing up request with event=close {"metadata":{"emulator":{"name":"functions"},"function":{"name":"us-central1-api"},"extension":{},"message":"Finishing up request with event=close"}}
[debug] [2025-01-16T20:15:26.054Z] [work-queue] {"queuedWork":[],"queueLength":0,"runningWork":[],"workRunningCount":0}
[debug] [2025-01-16T20:55:49.447Z] [worker-us-central1-api-7c6e4886-3ab2-47ad-a03f-2a69be658b8c]: exited {"metadata":{"emulator":{"name":"functions"},"function":{"name":"us-central1-api"},"extension":{},"message":"[worker-us-central1-api-7c6e4886-3ab2-47ad-a03f-2a69be658b8c]: exited"}}
